2023.05.24 01:58:56 INFO  ce[][o.s.p.ProcessEntryPoint] Starting Compute Engine
2023.05.24 01:58:56 INFO  ce[][o.s.ce.app.CeServer] Compute Engine starting up...
2023.05.24 01:58:57 INFO  ce[][o.sonar.db.Database] Create JDBC data source for jdbc:h2:tcp://127.0.0.1:9092/sonar;NON_KEYWORDS=VALUE
2023.05.24 01:58:57 INFO  ce[][c.z.h.HikariDataSource] HikariPool-1 - Starting...
2023.05.24 01:58:57 INFO  ce[][c.z.h.p.HikariPool] HikariPool-1 - Added connection conn0: url=jdbc:h2:tcp://127.0.0.1:9092/sonar user=
2023.05.24 01:58:57 INFO  ce[][c.z.h.HikariDataSource] HikariPool-1 - Start completed.
2023.05.24 01:58:57 WARN  ce[][o.s.db.dialect.H2] H2 database should be used for evaluation purpose only.
2023.05.24 01:58:59 INFO  ce[][o.s.s.p.ServerFileSystemImpl] SonarQube home: C:\Users\Villa\OneDrive\Escritorio\JESUS USACH\Mingeso-2023-1\sonarqube-9.9.0.65466
2023.05.24 01:59:00 INFO  ce[][o.s.c.c.CePluginRepository] Load plugins
2023.05.24 02:00:29 INFO  ce[][o.s.c.c.ComputeEngineContainerImpl] Running Community edition
2023.05.24 02:00:29 INFO  ce[][o.s.ce.app.CeServer] Compute Engine is started
2023.05.24 02:05:30 INFO  ce[][o.s.c.t.CeWorkerImpl] Execute task | project=milkstgo | type=REPORT | id=AYhMXMg7XJ7xJPJyB4uu | submitter=admin
2023.05.24 02:05:31 INFO  ce[AYhMXMg7XJ7xJPJyB4uu][o.s.c.t.s.ComputationStepExecutor] Extract report | status=SUCCESS | time=237ms
2023.05.24 02:05:31 INFO  ce[AYhMXMg7XJ7xJPJyB4uu][o.s.c.t.s.ComputationStepExecutor] Persist scanner context | status=SUCCESS | time=13ms
2023.05.24 02:05:31 INFO  ce[AYhMXMg7XJ7xJPJyB4uu][o.s.c.t.s.ComputationStepExecutor] Propagate analysis warnings from scanner report | status=SUCCESS | time=1ms
2023.05.24 02:05:31 INFO  ce[AYhMXMg7XJ7xJPJyB4uu][o.s.c.t.s.ComputationStepExecutor] Generate analysis UUID | status=SUCCESS | time=0ms
2023.05.24 02:05:31 INFO  ce[AYhMXMg7XJ7xJPJyB4uu][o.s.c.t.s.ComputationStepExecutor] Load analysis metadata | status=SUCCESS | time=165ms
2023.05.24 02:05:31 INFO  ce[AYhMXMg7XJ7xJPJyB4uu][o.s.c.t.s.ComputationStepExecutor] Initialize | status=SUCCESS | time=0ms
2023.05.24 02:05:31 INFO  ce[AYhMXMg7XJ7xJPJyB4uu][o.s.c.t.s.ComputationStepExecutor] Build tree of components | components=26 | status=SUCCESS | time=126ms
2023.05.24 02:05:31 INFO  ce[AYhMXMg7XJ7xJPJyB4uu][o.s.c.t.s.ComputationStepExecutor] Validate project | status=SUCCESS | time=7ms
2023.05.24 02:05:31 INFO  ce[AYhMXMg7XJ7xJPJyB4uu][o.s.s.e.EsClientProvider] Connected to local Elasticsearch: [http://kubernetes.docker.internal:9001]
2023.05.24 02:05:35 INFO  ce[AYhMXMg7XJ7xJPJyB4uu][o.s.c.t.s.ComputationStepExecutor] Load quality profiles | status=SUCCESS | time=3512ms
2023.05.24 02:05:35 INFO  ce[AYhMXMg7XJ7xJPJyB4uu][o.s.c.t.s.ComputationStepExecutor] Load file hashes and statuses | status=SUCCESS | time=6ms
2023.05.24 02:05:35 INFO  ce[AYhMXMg7XJ7xJPJyB4uu][o.s.c.t.s.ComputationStepExecutor] Load Quality gate | status=SUCCESS | time=12ms
2023.05.24 02:05:35 INFO  ce[AYhMXMg7XJ7xJPJyB4uu][o.s.c.t.s.ComputationStepExecutor] Load new code period | status=SUCCESS | time=8ms
2023.05.24 02:05:35 INFO  ce[AYhMXMg7XJ7xJPJyB4uu][o.s.c.t.s.ComputationStepExecutor] Detect file moves | status=SUCCESS | time=0ms
2023.05.24 02:05:35 INFO  ce[AYhMXMg7XJ7xJPJyB4uu][o.s.c.t.s.ComputationStepExecutor] Detect file moves in Pull Request scope | status=SUCCESS | time=0ms
2023.05.24 02:05:35 INFO  ce[AYhMXMg7XJ7xJPJyB4uu][o.s.c.t.s.ComputationStepExecutor] Load duplications | duplications=0 | status=SUCCESS | time=10ms
2023.05.24 02:05:35 INFO  ce[AYhMXMg7XJ7xJPJyB4uu][o.s.c.t.s.ComputationStepExecutor] Compute cross project duplications | status=SUCCESS | time=1ms
2023.05.24 02:05:36 INFO  ce[AYhMXMg7XJ7xJPJyB4uu][o.s.c.t.s.ComputationStepExecutor] Compute size measures | status=SUCCESS | time=46ms
2023.05.24 02:05:36 INFO  ce[AYhMXMg7XJ7xJPJyB4uu][o.s.c.t.s.ComputationStepExecutor] Compute new coverage | status=SUCCESS | time=12ms
2023.05.24 02:05:36 INFO  ce[AYhMXMg7XJ7xJPJyB4uu][o.s.c.t.s.ComputationStepExecutor] Compute coverage measures | status=SUCCESS | time=24ms
2023.05.24 02:05:36 INFO  ce[AYhMXMg7XJ7xJPJyB4uu][o.s.c.t.s.ComputationStepExecutor] Compute comment measures | status=SUCCESS | time=4ms
2023.05.24 02:05:36 INFO  ce[AYhMXMg7XJ7xJPJyB4uu][o.s.c.t.s.ComputationStepExecutor] Compute duplication measures | status=SUCCESS | time=3ms
2023.05.24 02:05:36 INFO  ce[AYhMXMg7XJ7xJPJyB4uu][o.s.c.t.s.ComputationStepExecutor] Compute size measures on new code | status=SUCCESS | time=1ms
2023.05.24 02:05:36 INFO  ce[AYhMXMg7XJ7xJPJyB4uu][o.s.c.t.s.ComputationStepExecutor] Compute language distribution | status=SUCCESS | time=25ms
2023.05.24 02:05:36 INFO  ce[AYhMXMg7XJ7xJPJyB4uu][o.s.c.t.s.ComputationStepExecutor] Compute test measures | status=SUCCESS | time=3ms
2023.05.24 02:05:36 INFO  ce[AYhMXMg7XJ7xJPJyB4uu][o.s.c.t.s.ComputationStepExecutor] Compute complexity measures | status=SUCCESS | time=5ms
2023.05.24 02:05:36 INFO  ce[AYhMXMg7XJ7xJPJyB4uu][o.s.c.t.s.ComputationStepExecutor] Load measure computers | status=SUCCESS | time=6ms
2023.05.24 02:05:36 INFO  ce[AYhMXMg7XJ7xJPJyB4uu][o.s.c.t.s.ComputationStepExecutor] Compute Quality Profile status | status=SUCCESS | time=6ms
2023.05.24 02:05:37 INFO  ce[AYhMXMg7XJ7xJPJyB4uu][o.s.c.t.s.ComputationStepExecutor] Execute component visitors | status=SUCCESS | time=692ms
2023.05.24 02:05:37 INFO  ce[AYhMXMg7XJ7xJPJyB4uu][o.s.c.t.s.ComputationStepExecutor] Checks executed after computation of measures | status=SUCCESS | time=0ms
2023.05.24 02:05:37 INFO  ce[AYhMXMg7XJ7xJPJyB4uu][o.s.c.t.s.ComputationStepExecutor] Compute Quality Gate measures | status=SUCCESS | time=12ms
2023.05.24 02:05:37 INFO  ce[AYhMXMg7XJ7xJPJyB4uu][o.s.c.t.s.ComputationStepExecutor] Compute Quality profile measures | status=SUCCESS | time=9ms
2023.05.24 02:05:37 INFO  ce[AYhMXMg7XJ7xJPJyB4uu][o.s.c.t.s.ComputationStepExecutor] Generate Quality profile events | status=SUCCESS | time=2ms
2023.05.24 02:05:37 INFO  ce[AYhMXMg7XJ7xJPJyB4uu][o.s.c.t.s.ComputationStepExecutor] Generate Quality gate events | status=SUCCESS | time=2ms
2023.05.24 02:05:37 INFO  ce[AYhMXMg7XJ7xJPJyB4uu][o.s.c.t.s.ComputationStepExecutor] Check upgrade possibility for not analyzed code files. | status=SUCCESS | time=2ms
2023.05.24 02:05:37 INFO  ce[AYhMXMg7XJ7xJPJyB4uu][o.s.c.t.s.ComputationStepExecutor] Persist scanner analysis cache | status=SUCCESS | time=14ms
2023.05.24 02:05:37 INFO  ce[AYhMXMg7XJ7xJPJyB4uu][o.s.c.t.s.ComputationStepExecutor] Persist components | status=SUCCESS | time=67ms
2023.05.24 02:05:37 INFO  ce[AYhMXMg7XJ7xJPJyB4uu][o.s.c.t.s.ComputationStepExecutor] Persist analysis | status=SUCCESS | time=5ms
2023.05.24 02:05:37 INFO  ce[AYhMXMg7XJ7xJPJyB4uu][o.s.c.t.s.ComputationStepExecutor] Persist analysis properties | status=SUCCESS | time=8ms
2023.05.24 02:05:37 INFO  ce[AYhMXMg7XJ7xJPJyB4uu][o.s.c.t.s.ComputationStepExecutor] Persist measures | inserts=56 | status=SUCCESS | time=69ms
2023.05.24 02:05:37 INFO  ce[AYhMXMg7XJ7xJPJyB4uu][o.s.c.t.s.ComputationStepExecutor] Persist live measures | insertsOrUpdates=849 | status=SUCCESS | time=433ms
2023.05.24 02:05:37 INFO  ce[AYhMXMg7XJ7xJPJyB4uu][o.s.c.t.s.ComputationStepExecutor] Persist duplication data | insertsOrUpdates=0 | status=SUCCESS | time=2ms
2023.05.24 02:05:37 INFO  ce[AYhMXMg7XJ7xJPJyB4uu][o.s.c.t.s.ComputationStepExecutor] Persist new ad hoc Rules | status=SUCCESS | time=0ms
2023.05.24 02:05:37 INFO  ce[AYhMXMg7XJ7xJPJyB4uu][o.s.c.t.s.ComputationStepExecutor] Persist issues | cacheSize=17.0 kB | inserts=35 | updates=0 | merged=0 | status=SUCCESS | time=47ms
2023.05.24 02:05:37 INFO  ce[AYhMXMg7XJ7xJPJyB4uu][o.s.c.t.s.ComputationStepExecutor] Delete issue changes | changes=0 | status=SUCCESS | time=0ms
2023.05.24 02:05:37 INFO  ce[AYhMXMg7XJ7xJPJyB4uu][o.s.c.t.s.ComputationStepExecutor] Persist project links | status=SUCCESS | time=10ms
2023.05.24 02:05:37 INFO  ce[AYhMXMg7XJ7xJPJyB4uu][o.s.c.t.s.ComputationStepExecutor] Persist events | status=SUCCESS | time=12ms
2023.05.24 02:05:38 INFO  ce[AYhMXMg7XJ7xJPJyB4uu][o.s.c.t.s.ComputationStepExecutor] Persist sources | status=SUCCESS | time=673ms
2023.05.24 02:05:38 INFO  ce[AYhMXMg7XJ7xJPJyB4uu][o.s.c.t.s.ComputationStepExecutor] Persist cross project duplications | status=SUCCESS | time=0ms
2023.05.24 02:05:38 INFO  ce[AYhMXMg7XJ7xJPJyB4uu][o.s.c.t.s.ComputationStepExecutor] Enable analysis | status=SUCCESS | time=6ms
2023.05.24 02:05:38 INFO  ce[AYhMXMg7XJ7xJPJyB4uu][o.s.c.t.s.ComputationStepExecutor] Update last usage date of quality profiles | status=SUCCESS | time=20ms
2023.05.24 02:05:38 INFO  ce[AYhMXMg7XJ7xJPJyB4uu][o.s.c.t.s.ComputationStepExecutor] Purge db | status=SUCCESS | time=215ms
2023.05.24 02:05:39 INFO  ce[AYhMXMg7XJ7xJPJyB4uu][o.s.c.t.s.ComputationStepExecutor] Index analysis | status=SUCCESS | time=536ms
2023.05.24 02:05:39 INFO  ce[AYhMXMg7XJ7xJPJyB4uu][o.s.c.t.s.ComputationStepExecutor] Update need issue sync for branch | status=SUCCESS | time=1ms
2023.05.24 02:05:39 INFO  ce[AYhMXMg7XJ7xJPJyB4uu][o.s.c.t.s.ComputationStepExecutor] Publishing taint vulnerabilities events | status=SUCCESS | time=8ms
2023.05.24 02:05:39 INFO  ce[AYhMXMg7XJ7xJPJyB4uu][o.s.c.t.s.ComputationStepExecutor] Send issue notifications | newIssuesNotifs=0 | newIssuesDeliveries=0 | myNewIssuesNotifs=0 | myNewIssuesDeliveries=0 | changesNotifs=0 | changesDeliveries=0 | status=SUCCESS | time=6ms
2023.05.24 02:05:39 INFO  ce[AYhMXMg7XJ7xJPJyB4uu][o.s.c.t.s.ComputationStepExecutor] Publish task results | status=SUCCESS | time=0ms
2023.05.24 02:05:39 INFO  ce[AYhMXMg7XJ7xJPJyB4uu][o.s.c.t.s.ComputationStepExecutor] Trigger refresh of Portfolios and Applications | status=SUCCESS | time=0ms
2023.05.24 02:05:39 INFO  ce[AYhMXMg7XJ7xJPJyB4uu][o.s.c.t.p.a.p.PostProjectAnalysisTasksExecutor] Webhooks | globalWebhooks=0 | projectWebhooks=0 | status=SUCCESS | time=9ms
2023.05.24 02:05:39 INFO  ce[AYhMXMg7XJ7xJPJyB4uu][o.s.c.t.CeWorkerImpl] Executed task | project=milkstgo | type=REPORT | id=AYhMXMg7XJ7xJPJyB4uu | submitter=admin | status=SUCCESS | time=8891ms
2023.05.24 02:15:09 INFO  ce[][o.s.c.t.CeWorkerImpl] Execute task | project=milkstgo | type=REPORT | id=AYhMZZr6XJ7xJPJyB4uw | submitter=admin
2023.05.24 02:15:09 INFO  ce[AYhMZZr6XJ7xJPJyB4uw][o.s.c.t.s.ComputationStepExecutor] Extract report | status=SUCCESS | time=52ms
2023.05.24 02:15:09 INFO  ce[AYhMZZr6XJ7xJPJyB4uw][o.s.c.t.s.ComputationStepExecutor] Persist scanner context | status=SUCCESS | time=5ms
2023.05.24 02:15:09 INFO  ce[AYhMZZr6XJ7xJPJyB4uw][o.s.c.t.s.ComputationStepExecutor] Propagate analysis warnings from scanner report | status=SUCCESS | time=7ms
2023.05.24 02:15:09 INFO  ce[AYhMZZr6XJ7xJPJyB4uw][o.s.c.t.s.ComputationStepExecutor] Generate analysis UUID | status=SUCCESS | time=0ms
2023.05.24 02:15:09 INFO  ce[AYhMZZr6XJ7xJPJyB4uw][o.s.c.t.s.ComputationStepExecutor] Load analysis metadata | status=SUCCESS | time=14ms
2023.05.24 02:15:09 INFO  ce[AYhMZZr6XJ7xJPJyB4uw][o.s.c.t.s.ComputationStepExecutor] Initialize | status=SUCCESS | time=0ms
2023.05.24 02:15:09 INFO  ce[AYhMZZr6XJ7xJPJyB4uw][o.s.c.t.s.ComputationStepExecutor] Build tree of components | components=11 | status=SUCCESS | time=8ms
2023.05.24 02:15:09 INFO  ce[AYhMZZr6XJ7xJPJyB4uw][o.s.c.t.s.ComputationStepExecutor] Validate project | status=SUCCESS | time=2ms
2023.05.24 02:15:10 INFO  ce[AYhMZZr6XJ7xJPJyB4uw][o.s.c.t.s.ComputationStepExecutor] Load quality profiles | status=SUCCESS | time=1131ms
2023.05.24 02:15:10 INFO  ce[AYhMZZr6XJ7xJPJyB4uw][o.s.c.t.s.ComputationStepExecutor] Load file hashes and statuses | status=SUCCESS | time=11ms
2023.05.24 02:15:10 INFO  ce[AYhMZZr6XJ7xJPJyB4uw][o.s.c.t.s.ComputationStepExecutor] Load Quality gate | status=SUCCESS | time=4ms
2023.05.24 02:15:10 INFO  ce[AYhMZZr6XJ7xJPJyB4uw][o.s.c.t.s.ComputationStepExecutor] Load new code period | status=SUCCESS | time=6ms
2023.05.24 02:15:10 INFO  ce[AYhMZZr6XJ7xJPJyB4uw][o.s.c.t.s.ComputationStepExecutor] Detect file moves | reportFiles=6 | dbFiles=18 | addedFiles=0 | status=SUCCESS | time=5ms
2023.05.24 02:15:10 INFO  ce[AYhMZZr6XJ7xJPJyB4uw][o.s.c.t.s.ComputationStepExecutor] Detect file moves in Pull Request scope | status=SUCCESS | time=0ms
2023.05.24 02:15:10 INFO  ce[AYhMZZr6XJ7xJPJyB4uw][o.s.c.t.s.ComputationStepExecutor] Load duplications | duplications=0 | status=SUCCESS | time=1ms
2023.05.24 02:15:10 INFO  ce[AYhMZZr6XJ7xJPJyB4uw][o.s.c.t.s.ComputationStepExecutor] Compute cross project duplications | status=SUCCESS | time=0ms
2023.05.24 02:15:10 INFO  ce[AYhMZZr6XJ7xJPJyB4uw][o.s.c.t.s.ComputationStepExecutor] Compute size measures | status=SUCCESS | time=3ms
2023.05.24 02:15:10 INFO  ce[AYhMZZr6XJ7xJPJyB4uw][o.s.c.t.s.ComputationStepExecutor] Compute new coverage | status=SUCCESS | time=28ms
2023.05.24 02:15:10 INFO  ce[AYhMZZr6XJ7xJPJyB4uw][o.s.c.t.s.ComputationStepExecutor] Compute coverage measures | status=SUCCESS | time=2ms
2023.05.24 02:15:10 INFO  ce[AYhMZZr6XJ7xJPJyB4uw][o.s.c.t.s.ComputationStepExecutor] Compute comment measures | status=SUCCESS | time=0ms
2023.05.24 02:15:10 INFO  ce[AYhMZZr6XJ7xJPJyB4uw][o.s.c.t.s.ComputationStepExecutor] Compute duplication measures | status=SUCCESS | time=0ms
2023.05.24 02:15:10 INFO  ce[AYhMZZr6XJ7xJPJyB4uw][o.s.c.t.s.ComputationStepExecutor] Compute size measures on new code | status=SUCCESS | time=4ms
2023.05.24 02:15:10 INFO  ce[AYhMZZr6XJ7xJPJyB4uw][o.s.c.t.s.ComputationStepExecutor] Compute language distribution | status=SUCCESS | time=0ms
2023.05.24 02:15:10 INFO  ce[AYhMZZr6XJ7xJPJyB4uw][o.s.c.t.s.ComputationStepExecutor] Compute test measures | status=SUCCESS | time=0ms
2023.05.24 02:15:10 INFO  ce[AYhMZZr6XJ7xJPJyB4uw][o.s.c.t.s.ComputationStepExecutor] Compute complexity measures | status=SUCCESS | time=0ms
2023.05.24 02:15:10 INFO  ce[AYhMZZr6XJ7xJPJyB4uw][o.s.c.t.s.ComputationStepExecutor] Load measure computers | status=SUCCESS | time=0ms
2023.05.24 02:15:10 INFO  ce[AYhMZZr6XJ7xJPJyB4uw][o.s.c.t.s.ComputationStepExecutor] Compute Quality Profile status | status=SUCCESS | time=4ms
2023.05.24 02:15:10 INFO  ce[AYhMZZr6XJ7xJPJyB4uw][o.s.c.t.s.ComputationStepExecutor] Execute component visitors | status=SUCCESS | time=109ms
2023.05.24 02:15:10 INFO  ce[AYhMZZr6XJ7xJPJyB4uw][o.s.c.t.s.ComputationStepExecutor] Checks executed after computation of measures | status=SUCCESS | time=0ms
2023.05.24 02:15:10 INFO  ce[AYhMZZr6XJ7xJPJyB4uw][o.s.c.t.s.ComputationStepExecutor] Compute Quality Gate measures | status=SUCCESS | time=3ms
2023.05.24 02:15:10 INFO  ce[AYhMZZr6XJ7xJPJyB4uw][o.s.c.t.s.ComputationStepExecutor] Compute Quality profile measures | status=SUCCESS | time=0ms
2023.05.24 02:15:10 INFO  ce[AYhMZZr6XJ7xJPJyB4uw][o.s.c.t.s.ComputationStepExecutor] Generate Quality profile events | status=SUCCESS | time=2ms
2023.05.24 02:15:10 INFO  ce[AYhMZZr6XJ7xJPJyB4uw][o.s.c.t.s.ComputationStepExecutor] Generate Quality gate events | status=SUCCESS | time=2ms
2023.05.24 02:15:10 INFO  ce[AYhMZZr6XJ7xJPJyB4uw][o.s.c.t.s.ComputationStepExecutor] Check upgrade possibility for not analyzed code files. | status=SUCCESS | time=0ms
2023.05.24 02:15:10 INFO  ce[AYhMZZr6XJ7xJPJyB4uw][o.s.c.t.s.ComputationStepExecutor] Persist scanner analysis cache | status=SUCCESS | time=8ms
2023.05.24 02:15:10 INFO  ce[AYhMZZr6XJ7xJPJyB4uw][o.s.c.t.s.ComputationStepExecutor] Persist components | status=SUCCESS | time=11ms
2023.05.24 02:15:10 INFO  ce[AYhMZZr6XJ7xJPJyB4uw][o.s.c.t.s.ComputationStepExecutor] Persist analysis | status=SUCCESS | time=2ms
2023.05.24 02:15:10 INFO  ce[AYhMZZr6XJ7xJPJyB4uw][o.s.c.t.s.ComputationStepExecutor] Persist analysis properties | status=SUCCESS | time=6ms
2023.05.24 02:15:10 INFO  ce[AYhMZZr6XJ7xJPJyB4uw][o.s.c.t.s.ComputationStepExecutor] Persist measures | inserts=58 | status=SUCCESS | time=11ms
2023.05.24 02:15:10 INFO  ce[AYhMZZr6XJ7xJPJyB4uw][o.s.c.t.s.ComputationStepExecutor] Persist live measures | insertsOrUpdates=560 | status=SUCCESS | time=100ms
2023.05.24 02:15:10 INFO  ce[AYhMZZr6XJ7xJPJyB4uw][o.s.c.t.s.ComputationStepExecutor] Persist duplication data | insertsOrUpdates=0 | status=SUCCESS | time=0ms
2023.05.24 02:15:10 INFO  ce[AYhMZZr6XJ7xJPJyB4uw][o.s.c.t.s.ComputationStepExecutor] Persist new ad hoc Rules | status=SUCCESS | time=0ms
2023.05.24 02:15:10 INFO  ce[AYhMZZr6XJ7xJPJyB4uw][o.s.c.t.s.ComputationStepExecutor] Persist issues | cacheSize=15.8 kB | inserts=4 | updates=19 | merged=0 | status=SUCCESS | time=27ms
2023.05.24 02:15:10 INFO  ce[AYhMZZr6XJ7xJPJyB4uw][o.s.c.t.s.ComputationStepExecutor] Delete issue changes | changes=0 | status=SUCCESS | time=0ms
2023.05.24 02:15:10 INFO  ce[AYhMZZr6XJ7xJPJyB4uw][o.s.c.t.s.ComputationStepExecutor] Persist project links | status=SUCCESS | time=3ms
2023.05.24 02:15:10 INFO  ce[AYhMZZr6XJ7xJPJyB4uw][o.s.c.t.s.ComputationStepExecutor] Persist events | status=SUCCESS | time=2ms
2023.05.24 02:15:10 INFO  ce[AYhMZZr6XJ7xJPJyB4uw][o.s.c.t.s.ComputationStepExecutor] Persist sources | status=SUCCESS | time=21ms
2023.05.24 02:15:10 INFO  ce[AYhMZZr6XJ7xJPJyB4uw][o.s.c.t.s.ComputationStepExecutor] Persist cross project duplications | status=SUCCESS | time=0ms
2023.05.24 02:15:10 INFO  ce[AYhMZZr6XJ7xJPJyB4uw][o.s.c.t.s.ComputationStepExecutor] Enable analysis | status=SUCCESS | time=2ms
2023.05.24 02:15:10 INFO  ce[AYhMZZr6XJ7xJPJyB4uw][o.s.c.t.s.ComputationStepExecutor] Update last usage date of quality profiles | status=SUCCESS | time=4ms
2023.05.24 02:15:10 INFO  ce[AYhMZZr6XJ7xJPJyB4uw][o.s.c.t.s.ComputationStepExecutor] Purge db | status=SUCCESS | time=100ms
2023.05.24 02:15:11 INFO  ce[AYhMZZr6XJ7xJPJyB4uw][o.s.c.t.s.ComputationStepExecutor] Index analysis | status=SUCCESS | time=236ms
2023.05.24 02:15:11 INFO  ce[AYhMZZr6XJ7xJPJyB4uw][o.s.c.t.s.ComputationStepExecutor] Update need issue sync for branch | status=SUCCESS | time=2ms
2023.05.24 02:15:11 INFO  ce[AYhMZZr6XJ7xJPJyB4uw][o.s.c.t.s.ComputationStepExecutor] Publishing taint vulnerabilities events | status=SUCCESS | time=5ms
2023.05.24 02:15:11 INFO  ce[AYhMZZr6XJ7xJPJyB4uw][o.s.c.t.s.ComputationStepExecutor] Send issue notifications | newIssuesNotifs=0 | newIssuesDeliveries=0 | myNewIssuesNotifs=0 | myNewIssuesDeliveries=0 | changesNotifs=0 | changesDeliveries=0 | status=SUCCESS | time=2ms
2023.05.24 02:15:11 INFO  ce[AYhMZZr6XJ7xJPJyB4uw][o.s.c.t.s.ComputationStepExecutor] Publish task results | status=SUCCESS | time=0ms
2023.05.24 02:15:11 INFO  ce[AYhMZZr6XJ7xJPJyB4uw][o.s.c.t.s.ComputationStepExecutor] Trigger refresh of Portfolios and Applications | status=SUCCESS | time=0ms
2023.05.24 02:15:11 INFO  ce[AYhMZZr6XJ7xJPJyB4uw][o.s.c.t.p.a.p.PostProjectAnalysisTasksExecutor] Webhooks | globalWebhooks=0 | projectWebhooks=0 | status=SUCCESS | time=2ms
2023.05.24 02:15:11 INFO  ce[AYhMZZr6XJ7xJPJyB4uw][o.s.c.t.CeWorkerImpl] Executed task | project=milkstgo | type=REPORT | id=AYhMZZr6XJ7xJPJyB4uw | submitter=admin | status=SUCCESS | time=2132ms
2023.05.24 02:32:58 INFO  ce[][o.s.p.ProcessEntryPoint] Gracefully stopping process
2023.05.24 02:32:58 INFO  ce[][o.s.ce.app.CeServer] Compute Engine is stopping...
2023.05.24 02:32:58 INFO  ce[][o.s.c.t.CeProcessingSchedulerImpl] Gracefully stopping workers...
2023.05.24 02:32:58 INFO  ce[][c.z.h.HikariDataSource] HikariPool-1 - Shutdown initiated...
2023.05.24 02:32:58 INFO  ce[][c.z.h.HikariDataSource] HikariPool-1 - Shutdown completed.
2023.05.24 02:32:58 INFO  ce[][o.s.ce.app.CeServer] Compute Engine is stopped
2023.05.24 03:07:10 INFO  ce[][o.s.p.ProcessEntryPoint] Starting Compute Engine
2023.05.24 03:07:10 INFO  ce[][o.s.ce.app.CeServer] Compute Engine starting up...
2023.05.24 03:07:11 INFO  ce[][o.sonar.db.Database] Create JDBC data source for jdbc:h2:tcp://127.0.0.1:9092/sonar;NON_KEYWORDS=VALUE
2023.05.24 03:07:11 INFO  ce[][c.z.h.HikariDataSource] HikariPool-1 - Starting...
2023.05.24 03:07:11 INFO  ce[][c.z.h.p.HikariPool] HikariPool-1 - Added connection conn0: url=jdbc:h2:tcp://127.0.0.1:9092/sonar user=
2023.05.24 03:07:11 INFO  ce[][c.z.h.HikariDataSource] HikariPool-1 - Start completed.
2023.05.24 03:07:11 WARN  ce[][o.s.db.dialect.H2] H2 database should be used for evaluation purpose only.
2023.05.24 03:07:14 INFO  ce[][o.s.s.p.ServerFileSystemImpl] SonarQube home: C:\Users\Villa\OneDrive\Escritorio\JESUS USACH\Mingeso-2023-1\sonarqube-9.9.0.65466
2023.05.24 03:07:15 INFO  ce[][o.s.c.c.CePluginRepository] Load plugins
2023.05.24 03:07:35 INFO  ce[][o.s.c.c.ComputeEngineContainerImpl] Running Community edition
2023.05.24 03:07:35 INFO  ce[][o.s.ce.app.CeServer] Compute Engine is started
2023.05.24 03:28:21 INFO  ce[][o.s.p.ProcessEntryPoint] Gracefully stopping process
2023.05.24 03:28:21 INFO  ce[][o.s.ce.app.CeServer] Compute Engine is stopping...
2023.05.24 03:28:21 INFO  ce[][o.s.c.t.CeProcessingSchedulerImpl] Gracefully stopping workers...
2023.05.24 03:28:21 INFO  ce[][c.z.h.HikariDataSource] HikariPool-1 - Shutdown initiated...
2023.05.24 03:28:21 INFO  ce[][c.z.h.HikariDataSource] HikariPool-1 - Shutdown completed.
2023.05.24 03:28:21 INFO  ce[][o.s.ce.app.CeServer] Compute Engine is stopped
